<?xml version="1.0" encoding="UTF-8"?>
<testng-results ignored="0" total="1" passed="1" failed="0" skipped="0">
  <reporter-output>
  </reporter-output>
  <suite started-at="2023-07-18T22:41:33 IST" name="Default suite" finished-at="2023-07-18T22:42:27 IST" duration-ms="53160">
    <groups>
    </groups>
    <test started-at="2023-07-18T22:41:33 IST" name="Default test" finished-at="2023-07-18T22:42:27 IST" duration-ms="53160">
      <class name="TestCases.TC_LoginTest">
        <test-method is-config="true" signature="setup()[pri:0, instance:TestCases.TC_LoginTest@14dd9eb7]" started-at="2023-07-18T22:41:33 IST" name="setup" finished-at="2023-07-18T22:41:37 IST" duration-ms="3258" status="PASS">
          <reporter-output>
          </reporter-output>
        </test-method> <!-- setup -->
        <test-method signature="loginTest()[pri:0, instance:TestCases.TC_LoginTest@14dd9eb7]" started-at="2023-07-18T22:41:37 IST" name="loginTest" finished-at="2023-07-18T22:42:26 IST" duration-ms="49208" status="PASS">
          <reporter-output>
          </reporter-output>
        </test-method> <!-- loginTest -->
        <test-method is-config="true" signature="End()[pri:0, instance:TestCases.TC_LoginTest@14dd9eb7]" started-at="2023-07-18T22:42:26 IST" name="End" finished-at="2023-07-18T22:42:27 IST" duration-ms="644" status="PASS">
          <reporter-output>
          </reporter-output>
        </test-method> <!-- End -->
      </class> <!-- TestCases.TC_LoginTest -->
    </test> <!-- Default test -->
  </suite> <!-- Default suite -->
</testng-results>
