<?xml version="1.0" encoding="UTF-8"?>
<testng-results ignored="0" total="1" passed="1" failed="0" skipped="0">
  <reporter-output>
  </reporter-output>
  <suite started-at="2023-07-18T21:24:14 IST" name="Default suite" finished-at="2023-07-18T21:24:57 IST" duration-ms="42883">
    <groups>
    </groups>
    <test started-at="2023-07-18T21:24:14 IST" name="Default test" finished-at="2023-07-18T21:24:57 IST" duration-ms="42883">
      <class name="TestCases.TC_loginTest">
        <test-method is-config="true" signature="setup()[pri:0, instance:TestCases.TC_loginTest@4d9e68d0]" started-at="2023-07-18T21:24:14 IST" name="setup" finished-at="2023-07-18T21:24:17 IST" duration-ms="3782" status="PASS">
          <reporter-output>
          </reporter-output>
        </test-method> <!-- setup -->
        <test-method signature="loginTest()[pri:0, instance:TestCases.TC_loginTest@4d9e68d0]" started-at="2023-07-18T21:24:17 IST" name="loginTest" finished-at="2023-07-18T21:24:57 IST" duration-ms="39044" status="PASS">
          <reporter-output>
          </reporter-output>
        </test-method> <!-- loginTest -->
      </class> <!-- TestCases.TC_loginTest -->
    </test> <!-- Default test -->
  </suite> <!-- Default suite -->
</testng-results>
